<?xml version="1.0" encoding="UTF-8"?>
<testsuite xmlns:xsi="http://www.w3.org/2001/XMLSchema-instance" xsi:noNamespaceSchemaLocation="https://maven.apache.org/surefire/maven-surefire-plugin/xsd/surefire-test-report.xsd" name="TestSuite" time="21.646" tests="4" errors="0" skipped="3" failures="1">
  <properties>
[...]
</properties>
  <testcase name="setUp" classname="Test.LoginScreenTest" time="21.57">
    <failure message="An unknown server-side error occurred while processing the command. Original error: simctl error running &apos;install&apos;: An error was encountered processing the command (domain=com.apple.CoreSimulator.SimError, code=164):&#10;Unable to lookup in current state: Shutting Down (WARNING: The server did not provide any stacktrace information)&#10;Command duration or timeout: 20.96 seconds&#10;Build info: version: &apos;3.5.3&apos;, revision: &apos;a88d25fe6b&apos;, time: &apos;2017-08-29T12:42:44.417Z&apos;&#10;System info: host: &apos;XE-TMAC-RUBINAGILL&apos;, ip: &apos;fe80:0:0:0:1c96:1a75:456f:78f9%en0&apos;, os.name: &apos;Mac OS X&apos;, os.arch: &apos;x86_64&apos;, os.version: &apos;10.12.6&apos;, java.version: &apos;1.8.0_131&apos;&#10;Driver info: driver.version: IOSDriver" type="org.openqa.selenium.WebDriverException">org.openqa.selenium.WebDriverException: 
An unknown server-side error occurred while processing the command. Original error: simctl error running 'install': An error was encountered processing the command (domain=com.apple.CoreSimulator.SimError, code=164):
Unable to lookup in current state: Shutting Down (WARNING: The server did not provide any stacktrace information)
Command duration or timeout: 20.96 seconds
Build info: version: '3.5.3', revision: 'a88d25fe6b', time: '2017-08-29T12:42:44.417Z'
System info: host: 'XE-TMAC-RUBINAGILL', ip: 'fe80:0:0:0:1c96:1a75:456f:78f9%en0', os.name: 'Mac OS X', os.arch: 'x86_64', os.version: '10.12.6', java.version: '1.8.0_131'
Driver info: driver.version: IOSDriver
</failure>
    <system-err><![CDATA[log4j:WARN No appenders could be found for logger (org.apache.http.client.protocol.RequestAddCookies).
log4j:WARN Please initialize the log4j system properly.
log4j:WARN See http://logging.apache.org/log4j/1.2/faq.html#noconfig for more info.
]]></system-err>
  </testcase>
  <testcase name="loginWithInValidCredentials" classname="Test.LoginScreenTest" time="0">
    <skipped message="An unknown server-side error occurred while processing the command. Original error: simctl error running &apos;install&apos;: An error was encountered processing the command (domain=com.apple.CoreSimulator.SimError, code=164):&#10;Unable to lookup in current state: Shutting Down (WARNING: The server did not provide any stacktrace information)&#10;Command duration or timeout: 20.96 seconds&#10;Build info: version: &apos;3.5.3&apos;, revision: &apos;a88d25fe6b&apos;, time: &apos;2017-08-29T12:42:44.417Z&apos;&#10;System info: host: &apos;XE-TMAC-RUBINAGILL&apos;, ip: &apos;fe80:0:0:0:1c96:1a75:456f:78f9%en0&apos;, os.name: &apos;Mac OS X&apos;, os.arch: &apos;x86_64&apos;, os.version: &apos;10.12.6&apos;, java.version: &apos;1.8.0_131&apos;&#10;Driver info: driver.version: IOSDriver"/>
  </testcase>
  <testcase name="loginWithValidCredentials" classname="Test.LoginScreenTest" time="0">
    <skipped message="An unknown server-side error occurred while processing the command. Original error: simctl error running &apos;install&apos;: An error was encountered processing the command (domain=com.apple.CoreSimulator.SimError, code=164):&#10;Unable to lookup in current state: Shutting Down (WARNING: The server did not provide any stacktrace information)&#10;Command duration or timeout: 20.96 seconds&#10;Build info: version: &apos;3.5.3&apos;, revision: &apos;a88d25fe6b&apos;, time: &apos;2017-08-29T12:42:44.417Z&apos;&#10;System info: host: &apos;XE-TMAC-RUBINAGILL&apos;, ip: &apos;fe80:0:0:0:1c96:1a75:456f:78f9%en0&apos;, os.name: &apos;Mac OS X&apos;, os.arch: &apos;x86_64&apos;, os.version: &apos;10.12.6&apos;, java.version: &apos;1.8.0_131&apos;&#10;Driver info: driver.version: IOSDriver"/>
  </testcase>
  <testcase name="tearDown" classname="Test.LoginScreenTest" time="0">
    <skipped/>
  </testcase>
</testsuite>